<?xml version="1.0" encoding="UTF-8"?>
<!-- Generated by org.testng.reporters.JUnitXMLReporter -->
<testsuite hostname="PODIUM3.local" ignored="0" name="Default test" tests="8" failures="0" timestamp="2021-05-23T19:43:53 IST" time="98.206" errors="0">
  <testcase name="Session_id" time="33.828" classname="com_Api.Start_Booking_Flow"/>
  <testcase name="seat_plan" time="17.765" classname="com_Api.Start_Booking_Flow"/>
  <testcase name="create_order" time="16.455" classname="com_Api.Start_Booking_Flow"/>
  <testcase name="payment_types" time="5.582" classname="com_Api.Start_Booking_Flow"/>
  <testcase name="Initiate_payment" time="11.379" classname="com_Api.Start_Booking_Flow"/>
  <testcase name="cancel_order" time="5.735" classname="com_Api.Start_Booking_Flow"/>
  <testcase name="user_journey" time="3.564" classname="com_Api.Start_Booking_Flow"/>
  <testcase name="user_details" time="3.377" classname="com_Api.Start_Booking_Flow"/>
</testsuite> <!-- Default test -->
