<?xml version="1.0" encoding="UTF-8"?>
<!-- Generated by org.testng.reporters.JUnitXMLReporter -->
<testsuite hostname="PODIUM3.local" ignored="0" name="Test" tests="8" failures="3" timestamp="2021-05-10T21:42:14 IST" time="72.798" errors="0">
  <testcase name="Session_id" time="33.352" classname="com_Api.Start_Booking_Flow"/>
  <testcase name="seat_plan" time="3.957" classname="com_Api.Start_Booking_Flow">
    <failure type="org.json.JSONException" message="A JSONArray text must start with &amp;apos;[&amp;apos; at 1 [character 2 line 1]">
      <![CDATA[org.json.JSONException: A JSONArray text must start with '[' at 1 [character 2 line 1]
at org.json.JSONTokener.syntaxError(JSONTokener.java:505)
at org.json.JSONArray.<init>(JSONArray.java:109)
at org.json.JSONArray.<init>(JSONArray.java:162)
at com_Api.Start_Booking_Flow.seat_plan(Start_Booking_Flow.java:235)
at java.util.ArrayList.forEach(ArrayList.java:1257)
... Removed 27 stack frames]]>
    </failure>
  </testcase> <!-- seat_plan -->
  <testcase name="create_order" time="2.107" classname="com_Api.Start_Booking_Flow">
    <failure type="java.lang.NullPointerException">
      <![CDATA[java.lang.NullPointerException
at com_Api.Start_Booking_Flow.create_order(Start_Booking_Flow.java:301)
at java.util.ArrayList.forEach(ArrayList.java:1257)
... Removed 27 stack frames]]>
    </failure>
  </testcase> <!-- create_order -->
  <testcase name="payment_types" time="9.839" classname="com_Api.Start_Booking_Flow">
    <failure type="java.lang.IllegalArgumentException" message="Cannot invoke method getAt() on null object">
      <![CDATA[java.lang.IllegalArgumentException: Cannot invoke method getAt() on null object
at org.codehaus.groovy.runtime.callsite.ConstructorSite$ConstructorSiteNoUnwrapNoCoerce.callConstructor(ConstructorSite.java:105)
at org.codehaus.groovy.runtime.callsite.CallSiteArray.defaultCallConstructor(CallSiteArray.java:59)
at org.codehaus.groovy.runtime.callsite.AbstractCallSite.callConstructor(AbstractCallSite.java:237)
at org.codehaus.groovy.runtime.callsite.AbstractCallSite.callConstructor(AbstractCallSite.java:257)
at io.restassured.internal.path.json.JSONAssertion.getAsJsonObject(JSONAssertion.groovy:57)
at io.restassured.internal.path.json.JSONAssertion$getAsJsonObject.callCurrent(Unknown Source)
at io.restassured.internal.path.json.JSONAssertion.getResult(JSONAssertion.groovy:28)
at io.restassured.path.json.JsonPath.get(JsonPath.java:203)
at com_Api.Start_Booking_Flow.payment_types(Start_Booking_Flow.java:373)
at java.util.ArrayList.forEach(ArrayList.java:1257)
Caused by: java.lang.NullPointerException: Cannot invoke method getAt() on null object
at org.codehaus.groovy.runtime.NullObject.invokeMethod(NullObject.java:91)
at org.codehaus.groovy.runtime.callsite.PogoMetaClassSite.call(PogoMetaClassSite.java:43)
at org.codehaus.groovy.runtime.callsite.CallSiteArray.defaultCall(CallSiteArray.java:47)
at org.codehaus.groovy.runtime.callsite.NullCallSite.call(NullCallSite.java:34)
at org.codehaus.groovy.runtime.callsite.CallSiteArray.defaultCall(CallSiteArray.java:47)
at org.codehaus.groovy.runtime.callsite.AbstractCallSite.call(AbstractCallSite.java:115)
at org.codehaus.groovy.runtime.callsite.AbstractCallSite.call(AbstractCallSite.java:127)
at Script1.run(Script1.groovy:1)
at groovy.lang.GroovyShell.evaluate(GroovyShell.java:437)
at groovy.lang.GroovyShell.evaluate(GroovyShell.java:475)
at groovy.lang.GroovyShell.evaluate(GroovyShell.java:446)
at org.codehaus.groovy.runtime.callsite.PlainObjectMetaMethodSite.doInvoke(PlainObjectMetaMethodSite.java:43)
at org.codehaus.groovy.runtime.callsite.PogoMetaMethodSite$PogoCachedMethodSiteNoUnwrap.invoke(PogoMetaMethodSite.java:179)
at org.codehaus.groovy.runtime.callsite.PogoMetaMethodSite.call(PogoMetaMethodSite.java:70)
at org.codehaus.groovy.runtime.callsite.AbstractCallSite.call(AbstractCallSite.java:127)
at io.restassured.internal.path.json.JSONAssertion.eval(JSONAssertion.groovy:80)
at org.codehaus.groovy.runtime.callsite.PlainObjectMetaMethodSite.doInvoke(PlainObjectMetaMethodSite.java:43)
at org.codehaus.groovy.runtime.callsite.PogoMetaMethodSite$PogoCachedMethodSiteNoUnwrapNoCoerce.invoke(PogoMetaMethodSite.java:190)
at org.codehaus.groovy.runtime.callsite.PogoMetaMethodSite.callCurrent(PogoMetaMethodSite.java:58)
at org.codehaus.groovy.runtime.callsite.AbstractCallSite.callCurrent(AbstractCallSite.java:184)
at io.restassured.internal.path.json.JSONAssertion.getAsJsonObject(JSONAssertion.groovy:46)
... 32 more
... Removed 38 stack frames]]>
    </failure>
  </testcase> <!-- payment_types -->
  <testcase name="Initiate_payment" time="10.557" classname="com_Api.Start_Booking_Flow"/>
  <testcase name="cancel_order" time="6.703" classname="com_Api.Start_Booking_Flow"/>
  <testcase name="user_journey" time="2.83" classname="com_Api.Start_Booking_Flow"/>
  <testcase name="user_details" time="2.985" classname="com_Api.Start_Booking_Flow"/>
</testsuite> <!-- Test -->
