<?xml version="1.0" encoding="UTF-8"?>
<testng-results skipped="0" failed="0" ignored="0" total="8" passed="8">
  <reporter-output>
  </reporter-output>
  <suite name="Default suite" duration-ms="98206" started-at="2021-05-23T19:42:15 IST" finished-at="2021-05-23T19:43:53 IST">
    <groups>
    </groups>
    <test name="Default test" duration-ms="98206" started-at="2021-05-23T19:42:15 IST" finished-at="2021-05-23T19:43:53 IST">
      <class name="com_Api.Start_Booking_Flow">
        <test-method status="PASS" signature="extent()[pri:0, instance:com_Api.Start_Booking_Flow@4493d195]" name="extent" is-config="true" duration-ms="315" started-at="2021-05-23T19:42:15 IST" finished-at="2021-05-23T19:42:15 IST">
          <reporter-output>
          </reporter-output>
        </test-method> <!-- extent -->
        <test-method status="PASS" signature="Session_id()[pri:0, instance:com_Api.Start_Booking_Flow@4493d195]" name="Session_id" duration-ms="33828" started-at="2021-05-23T19:42:15 IST" finished-at="2021-05-23T19:42:49 IST">
          <reporter-output>
          </reporter-output>
        </test-method> <!-- Session_id -->
        <test-method status="PASS" signature="seat_plan()[pri:1, instance:com_Api.Start_Booking_Flow@4493d195]" name="seat_plan" duration-ms="17765" started-at="2021-05-23T19:42:49 IST" finished-at="2021-05-23T19:43:07 IST">
          <reporter-output>
          </reporter-output>
        </test-method> <!-- seat_plan -->
        <test-method status="PASS" signature="create_order()[pri:2, instance:com_Api.Start_Booking_Flow@4493d195]" name="create_order" duration-ms="16455" started-at="2021-05-23T19:43:07 IST" finished-at="2021-05-23T19:43:23 IST">
          <reporter-output>
          </reporter-output>
        </test-method> <!-- create_order -->
        <test-method status="PASS" signature="payment_types()[pri:3, instance:com_Api.Start_Booking_Flow@4493d195]" name="payment_types" duration-ms="5582" started-at="2021-05-23T19:43:23 IST" finished-at="2021-05-23T19:43:29 IST">
          <reporter-output>
          </reporter-output>
        </test-method> <!-- payment_types -->
        <test-method status="PASS" signature="Initiate_payment()[pri:4, instance:com_Api.Start_Booking_Flow@4493d195]" name="Initiate_payment" duration-ms="11379" started-at="2021-05-23T19:43:29 IST" finished-at="2021-05-23T19:43:40 IST">
          <reporter-output>
          </reporter-output>
        </test-method> <!-- Initiate_payment -->
        <test-method status="PASS" signature="cancel_order()[pri:5, instance:com_Api.Start_Booking_Flow@4493d195]" name="cancel_order" duration-ms="5735" started-at="2021-05-23T19:43:40 IST" finished-at="2021-05-23T19:43:46 IST">
          <reporter-output>
          </reporter-output>
        </test-method> <!-- cancel_order -->
        <test-method status="PASS" signature="user_journey()[pri:6, instance:com_Api.Start_Booking_Flow@4493d195]" name="user_journey" duration-ms="3564" started-at="2021-05-23T19:43:46 IST" finished-at="2021-05-23T19:43:50 IST">
          <reporter-output>
          </reporter-output>
        </test-method> <!-- user_journey -->
        <test-method status="PASS" signature="user_details()[pri:7, instance:com_Api.Start_Booking_Flow@4493d195]" name="user_details" duration-ms="3377" started-at="2021-05-23T19:43:50 IST" finished-at="2021-05-23T19:43:53 IST">
          <reporter-output>
          </reporter-output>
        </test-method> <!-- user_details -->
        <test-method status="PASS" signature="extentend()[pri:0, instance:com_Api.Start_Booking_Flow@4493d195]" name="extentend" is-config="true" duration-ms="170" started-at="2021-05-23T19:43:53 IST" finished-at="2021-05-23T19:43:53 IST">
          <reporter-output>
          </reporter-output>
        </test-method> <!-- extentend -->
      </class> <!-- com_Api.Start_Booking_Flow -->
    </test> <!-- Default test -->
  </suite> <!-- Default suite -->
</testng-results>
